Build started 01/12/2011 10:35:32.
     1>Project "E:\30Nov\Filereciever\Filereciever\Filereciever.vcxproj" on node 2 (build target(s)).
     1>InitializeBuildStatus:
         Creating "Debug\Filereciever.unsuccessfulbuild" because "AlwaysCreate" was specified.
       ClCompile:
         c:\Program Files\Microsoft Visual Studio 10.0\VC\bin\CL.exe /c /ZI /nologo /W3 /WX- /Od /Oy- /D WIN32 /D _DEBUG /D _CONSOLE /D _UNICODE /D UNICODE /Gm /EHsc /RTC1 /MDd /GS /fp:precise /Zc:wchar_t /Zc:forScope /Fo"Debug\\" /Fd"Debug\vc100.pdb" /Gd /TC /analyze- /errorReport:prompt Filereciever.c
         Filereciever.c
     1>e:\30nov\filereciever\filereciever\filereciever.c(44): warning C4996: 'fopen': This function or variable may be unsafe. Consider using fopen_s instead. To disable deprecation, use _CRT_SECURE_NO_WARNINGS. See online help for details.
                 c:\program files\microsoft visual studio 10.0\vc\include\stdio.h(234) : see declaration of 'fopen'
     1>e:\30nov\filereciever\filereciever\filereciever.c(45): warning C4996: 'fopen': This function or variable may be unsafe. Consider using fopen_s instead. To disable deprecation, use _CRT_SECURE_NO_WARNINGS. See online help for details.
                 c:\program files\microsoft visual studio 10.0\vc\include\stdio.h(234) : see declaration of 'fopen'
     1>e:\30nov\filereciever\filereciever\filereciever.c(78): warning C4996: 'fopen': This function or variable may be unsafe. Consider using fopen_s instead. To disable deprecation, use _CRT_SECURE_NO_WARNINGS. See online help for details.
                 c:\program files\microsoft visual studio 10.0\vc\include\stdio.h(234) : see declaration of 'fopen'
     1>e:\30nov\filereciever\filereciever\filereciever.c(79): warning C4996: 'fopen': This function or variable may be unsafe. Consider using fopen_s instead. To disable deprecation, use _CRT_SECURE_NO_WARNINGS. See online help for details.
                 c:\program files\microsoft visual studio 10.0\vc\include\stdio.h(234) : see declaration of 'fopen'
     1>e:\30nov\filereciever\filereciever\filereciever.c(188): warning C4102: 'closeReceiver' : unreferenced label
     1>e:\30nov\filereciever\filereciever\filereciever.c(188): warning C4102: 'writeChar' : unreferenced label
     1>e:\30nov\filereciever\filereciever\filereciever.c(188): warning C4102: 'endOfTransmission' : unreferenced label
     1>e:\30nov\filereciever\filereciever\filereciever.c(188): warning C4102: 'decryptLetter' : unreferenced label
     1>e:\30nov\filereciever\filereciever\filereciever.c(188): warning C4102: 'comError' : unreferenced label
     1>e:\30nov\filereciever\filereciever\filereciever.c(188): warning C4102: 'dataFileError' : unreferenced label
     1>e:\30nov\filereciever\filereciever\filereciever.c(188): warning C4102: 'loadDatFile' : unreferenced label
       ManifestResourceCompile:
         All outputs are up-to-date.
       Link:
         c:\Program Files\Microsoft Visual Studio 10.0\VC\bin\link.exe /ERRORREPORT:PROMPT /OUT:"E:\30Nov\Filereciever\Debug\Filereciever.exe" /INCREMENTAL /NOLOGO kernel32.lib user32.lib gdi32.lib winspool.lib comdlg32.lib advapi32.lib shell32.lib ole32.lib oleaut32.lib uuid.lib odbc32.lib odbccp32.lib /MANIFEST /ManifestFile:"Debug\Filereciever.exe.intermediate.manifest" /MANIFESTUAC:"level='asInvoker' uiAccess='false'" /DEBUG /PDB:"E:\30Nov\Filereciever\Debug\Filereciever.pdb" /SUBSYSTEM:CONSOLE /TLBID:1 /DYNAMICBASE /NXCOMPAT /IMPLIB:"E:\30Nov\Filereciever\Debug\Filereciever.lib" /MACHINE:X86 Debug\Filereciever.exe.embed.manifest.res
         Debug\Filereciever.obj
       Manifest:
         C:\Program Files\Microsoft SDKs\Windows\v7.0A\bin\mt.exe /nologo /verbose /out:"Debug\Filereciever.exe.embed.manifest" /manifest Debug\Filereciever.exe.intermediate.manifest
         All outputs are up-to-date.
       LinkEmbedManifest:
         All outputs are up-to-date.
         Filereciever.vcxproj -> E:\30Nov\Filereciever\Debug\Filereciever.exe
       FinalizeBuildStatus:
         Deleting file "Debug\Filereciever.unsuccessfulbuild".
         Touching "Debug\Filereciever.lastbuildstate".
     1>Done Building Project "E:\30Nov\Filereciever\Filereciever\Filereciever.vcxproj" (build target(s)).

Build succeeded.

Time Elapsed 00:00:14.32
