Build started 01/12/2011 10:35:52.
     1>Project "E:\30Nov\Filetransmitter\Filetransmitter\Filetransmitter.vcxproj" on node 2 (build target(s)).
     1>InitializeBuildStatus:
         Creating "Debug\Filetransmitter.unsuccessfulbuild" because "AlwaysCreate" was specified.
       ClCompile:
         c:\Program Files\Microsoft Visual Studio 10.0\VC\bin\CL.exe /c /ZI /nologo /W3 /WX- /Od /Oy- /D WIN32 /D _DEBUG /D _CONSOLE /D _UNICODE /D UNICODE /Gm /EHsc /RTC1 /MDd /GS /fp:precise /Zc:wchar_t /Zc:forScope /Fo"Debug\\" /Fd"Debug\vc100.pdb" /Gd /TC /analyze- /errorReport:prompt Filetransmitter.c
         Filetransmitter.c
     1>e:\30nov\filetransmitter\filetransmitter\filetransmitter.c(45): warning C4996: 'fopen': This function or variable may be unsafe. Consider using fopen_s instead. To disable deprecation, use _CRT_SECURE_NO_WARNINGS. See online help for details.
                 c:\program files\microsoft visual studio 10.0\vc\include\stdio.h(234) : see declaration of 'fopen'
     1>e:\30nov\filetransmitter\filetransmitter\filetransmitter.c(46): warning C4996: 'fopen': This function or variable may be unsafe. Consider using fopen_s instead. To disable deprecation, use _CRT_SECURE_NO_WARNINGS. See online help for details.
                 c:\program files\microsoft visual studio 10.0\vc\include\stdio.h(234) : see declaration of 'fopen'
     1>e:\30nov\filetransmitter\filetransmitter\filetransmitter.c(79): warning C4996: 'fopen': This function or variable may be unsafe. Consider using fopen_s instead. To disable deprecation, use _CRT_SECURE_NO_WARNINGS. See online help for details.
                 c:\program files\microsoft visual studio 10.0\vc\include\stdio.h(234) : see declaration of 'fopen'
     1>e:\30nov\filetransmitter\filetransmitter\filetransmitter.c(80): warning C4996: 'fopen': This function or variable may be unsafe. Consider using fopen_s instead. To disable deprecation, use _CRT_SECURE_NO_WARNINGS. See online help for details.
                 c:\program files\microsoft visual studio 10.0\vc\include\stdio.h(234) : see declaration of 'fopen'
     1>e:\30nov\filetransmitter\filetransmitter\filetransmitter.c(190): warning C4102: 'closeTransmitter' : unreferenced label
     1>e:\30nov\filetransmitter\filetransmitter\filetransmitter.c(190): warning C4102: 'sendChar' : unreferenced label
     1>e:\30nov\filetransmitter\filetransmitter\filetransmitter.c(190): warning C4102: 'endOfFile' : unreferenced label
     1>e:\30nov\filetransmitter\filetransmitter\filetransmitter.c(190): warning C4102: 'encryptLetter' : unreferenced label
     1>e:\30nov\filetransmitter\filetransmitter\filetransmitter.c(190): warning C4102: 'comError' : unreferenced label
     1>e:\30nov\filetransmitter\filetransmitter\filetransmitter.c(190): warning C4102: 'dataFileError' : unreferenced label
     1>e:\30nov\filetransmitter\filetransmitter\filetransmitter.c(190): warning C4102: 'loadDatFile' : unreferenced label
       ManifestResourceCompile:
         All outputs are up-to-date.
       Link:
         c:\Program Files\Microsoft Visual Studio 10.0\VC\bin\link.exe /ERRORREPORT:PROMPT /OUT:"E:\30Nov\Filetransmitter\Debug\Filetransmitter.exe" /INCREMENTAL /NOLOGO kernel32.lib user32.lib gdi32.lib winspool.lib comdlg32.lib advapi32.lib shell32.lib ole32.lib oleaut32.lib uuid.lib odbc32.lib odbccp32.lib /MANIFEST /ManifestFile:"Debug\Filetransmitter.exe.intermediate.manifest" /MANIFESTUAC:"level='asInvoker' uiAccess='false'" /DEBUG /PDB:"E:\30Nov\Filetransmitter\Debug\Filetransmitter.pdb" /SUBSYSTEM:CONSOLE /TLBID:1 /DYNAMICBASE /NXCOMPAT /IMPLIB:"E:\30Nov\Filetransmitter\Debug\Filetransmitter.lib" /MACHINE:X86 Debug\Filetransmitter.exe.embed.manifest.res
         Debug\Filetransmitter.obj
       Manifest:
         C:\Program Files\Microsoft SDKs\Windows\v7.0A\bin\mt.exe /nologo /verbose /out:"Debug\Filetransmitter.exe.embed.manifest" /manifest Debug\Filetransmitter.exe.intermediate.manifest
         All outputs are up-to-date.
       LinkEmbedManifest:
         All outputs are up-to-date.
         Filetransmitter.vcxproj -> E:\30Nov\Filetransmitter\Debug\Filetransmitter.exe
       FinalizeBuildStatus:
         Deleting file "Debug\Filetransmitter.unsuccessfulbuild".
         Touching "Debug\Filetransmitter.lastbuildstate".
     1>Done Building Project "E:\30Nov\Filetransmitter\Filetransmitter\Filetransmitter.vcxproj" (build target(s)).

Build succeeded.

Time Elapsed 00:00:10.95
